{"C:\\Users\\vivek\\OneDrive - vit.ac.in\\Documents\\react\\restart\\react_restart\\src\\components\\Contact.js": {"path":"C:\\Users\\vivek\\OneDrive - vit.ac.in\\Documents\\react\\restart\\react_restart\\src\\components\\Contact.js","statementMap":{"0":{"start":{"line":1,"column":16},"end":{"line":22,"column":1}},"1":{"start":{"line":2,"column":4},"end":{"line":21,"column":5}}},"fnMap":{"0":{"name":"(anonymous_0)","decl":{"start":{"line":1,"column":16},"end":{"line":1,"column":17}},"loc":{"start":{"line":1,"column":21},"end":{"line":22,"column":1}},"line":1}},"branchMap":{},"s":{"0":1,"1":2},"f":{"0":2},"b":{},"_coverageSchema":"1a1c01bbd47fc00a2c39e90264f33305004495a9","hash":"d6a261a7235c53d24872d87816ce1d0f4de242d0"}
,"C:\\Users\\vivek\\OneDrive - vit.ac.in\\Documents\\react\\restart\\react_restart\\src\\components\\sum.js": {"path":"C:\\Users\\vivek\\OneDrive - vit.ac.in\\Documents\\react\\restart\\react_restart\\src\\components\\sum.js","statementMap":{"0":{"start":{"line":1,"column":19},"end":{"line":3,"column":1}},"1":{"start":{"line":2,"column":4},"end":{"line":2,"column":17}}},"fnMap":{"0":{"name":"(anonymous_0)","decl":{"start":{"line":1,"column":19},"end":{"line":1,"column":20}},"loc":{"start":{"line":1,"column":27},"end":{"line":3,"column":1}},"line":1}},"branchMap":{},"s":{"0":1,"1":1},"f":{"0":1},"b":{},"_coverageSchema":"1a1c01bbd47fc00a2c39e90264f33305004495a9","hash":"5d64328db06563272cf8f7b3ce0d51fb03b117a3"}
}
